GET /about
GET /about
GET /
GET /about
Fri Jun 15 2018 09:19:56 GMT-0500 (-05): GET /about
Fri Jun 15 2018 09:20:02 GMT-0500 (-05): GET /about
Fri Jun 15 2018 09:20:03 GMT-0500 (-05): GET /
Fri Jun 15 2018 09:26:57 GMT-0500 (-05): GET /about
Fri Jun 15 2018 09:27:47 GMT-0500 (-05): GET /about/bad
Fri Jun 15 2018 09:28:02 GMT-0500 (-05): GET /bad
Fri Jun 15 2018 09:28:26 GMT-0500 (-05): GET /maintenance
Fri Jun 15 2018 09:29:44 GMT-0500 (-05): GET /maintenance
Fri Jun 15 2018 09:30:13 GMT-0500 (-05): GET /maintenance
Fri Jun 15 2018 09:34:50 GMT-0500 (-05): GET /maintenance
Fri Jun 15 2018 09:34:51 GMT-0500 (-05): GET /maintenance
Fri Jun 15 2018 09:35:02 GMT-0500 (-05): GET /maintenance
Fri Jun 15 2018 09:35:07 GMT-0500 (-05): GET /
Fri Jun 15 2018 09:35:12 GMT-0500 (-05): GET /about
Fri Jun 15 2018 11:48:59 GMT-0500 (-05): GET /
Fri Jun 15 2018 11:48:59 GMT-0500 (-05): GET /favicon.ico
